
VCFtools - 0.1.17
(C) Adam Auton and Anthony Marcketta 2009

Parameters as interpreted:
	--gzvcf real-data/data/MXB_1KG_IBS_CHB_aa_derived_90NatAm_justNatAm.vcf.gz
	--chr 7
	--to-bp 150663432
	--weir-fst-pop real-data/reference/pop90_mxb
	--weir-fst-pop real-data/reference/pop_ibs
	--keep real-data/reference/pop90_mxb
	--keep real-data/reference/pop_ibs
	--keep real-data/reference/pop90_mxb
	--keep real-data/reference/pop_ibs
	--out ./GH07J150959Nat.mxb_ibs
	--from-bp 150656246

Using zlib version: 1.2.7
Keeping individuals in 'keep' list
After filtering, kept 1133 out of 1183 Individuals
Outputting Weir and Cockerham Fst estimates.
Weir and Cockerham mean Fst estimate: 0.7445
Weir and Cockerham weighted Fst estimate: 0.97421
After filtering, kept 2 out of a possible 217910 Sites
Run Time = 7.00 seconds
